<?xml version="1.0" encoding="UTF-8"?>
<testng-results ignored="0" total="2" passed="2" failed="0" skipped="0">
  <reporter-output>
  </reporter-output>
  <suite started-at="2022-07-21T13:45:44 IST" name="Suite" finished-at="2022-07-21T13:46:26 IST" duration-ms="41946">
    <groups>
    </groups>
    <test started-at="2022-07-21T13:45:44 IST" name="Test" finished-at="2022-07-21T13:46:26 IST" duration-ms="41946">
      <class name="amazon.HomePageTest">
        <test-method is-config="true" signature="Initdrivers()[pri:0, instance:amazon.HomePageTest@5fcacc0]" started-at="2022-07-21T13:45:45 IST" name="Initdrivers" finished-at="2022-07-21T13:45:49 IST" duration-ms="4987" status="PASS">
          <reporter-output>
          </reporter-output>
        </test-method> <!-- Initdrivers -->
        <test-method signature="ClickSearch()[pri:0, instance:amazon.HomePageTest@5fcacc0]" started-at="2022-07-21T13:45:50 IST" name="ClickSearch" finished-at="2022-07-21T13:46:11 IST" duration-ms="20985" status="PASS">
          <reporter-output>
          </reporter-output>
        </test-method> <!-- ClickSearch -->
        <test-method signature="SearchButton()[pri:0, instance:amazon.HomePageTest@5fcacc0]" started-at="2022-07-21T13:46:11 IST" name="SearchButton" finished-at="2022-07-21T13:46:25 IST" duration-ms="14287" status="PASS">
          <reporter-output>
          </reporter-output>
        </test-method> <!-- SearchButton -->
        <test-method is-config="true" signature="closeDriver()[pri:0, instance:amazon.HomePageTest@5fcacc0]" started-at="2022-07-21T13:46:26 IST" name="closeDriver" finished-at="2022-07-21T13:46:26 IST" duration-ms="784" status="PASS">
          <reporter-output>
          </reporter-output>
        </test-method> <!-- closeDriver -->
      </class> <!-- amazon.HomePageTest -->
    </test> <!-- Test -->
  </suite> <!-- Suite -->
</testng-results>
