<?xml version="1.0" encoding="UTF-8"?>
<testng-results ignored="0" total="2" passed="2" failed="0" skipped="0">
  <reporter-output>
  </reporter-output>
  <suite started-at="2022-07-21T13:40:36 IST" name="Suite" finished-at="2022-07-21T13:41:07 IST" duration-ms="31173">
    <groups>
    </groups>
    <test started-at="2022-07-21T13:40:36 IST" name="Test" finished-at="2022-07-21T13:41:07 IST" duration-ms="31173">
      <class name="amazon.HomePageTest">
        <test-method is-config="true" signature="Initdrivers()[pri:0, instance:amazon.HomePageTest@523424b5]" started-at="2022-07-21T13:40:36 IST" name="Initdrivers" finished-at="2022-07-21T13:40:39 IST" duration-ms="3256" status="PASS">
          <reporter-output>
          </reporter-output>
        </test-method> <!-- Initdrivers -->
        <test-method signature="ClickSearch()[pri:0, instance:amazon.HomePageTest@523424b5]" started-at="2022-07-21T13:40:39 IST" name="ClickSearch" finished-at="2022-07-21T13:41:00 IST" duration-ms="21160" status="PASS">
          <reporter-output>
          </reporter-output>
        </test-method> <!-- ClickSearch -->
        <test-method signature="SearchButton()[pri:0, instance:amazon.HomePageTest@523424b5]" started-at="2022-07-21T13:41:02 IST" name="SearchButton" finished-at="2022-07-21T13:41:06 IST" duration-ms="3640" status="PASS">
          <reporter-output>
          </reporter-output>
        </test-method> <!-- SearchButton -->
        <test-method is-config="true" signature="closeDriver()[pri:0, instance:amazon.HomePageTest@523424b5]" started-at="2022-07-21T13:41:06 IST" name="closeDriver" finished-at="2022-07-21T13:41:07 IST" duration-ms="922" status="PASS">
          <reporter-output>
          </reporter-output>
        </test-method> <!-- closeDriver -->
      </class> <!-- amazon.HomePageTest -->
    </test> <!-- Test -->
  </suite> <!-- Suite -->
</testng-results>
